#-----------------------------------------------------------
# Vivado v2018.2 (64-bit)
# SW Build 2258646 on Thu Jun 14 20:03:12 MDT 2018
# IP Build 2256618 on Thu Jun 14 22:10:49 MDT 2018
# Start of session at: Wed Oct 24 21:19:48 2018
# Process ID: 5152
# Current directory: C:/Users/bowen/Desktop/a_1.v
# Command line: vivado.exe -gui_launcher_event rodinguilauncherevent1548 C:\Users\bowen\Desktop\a_1.v\a_1.v.xpr
# Log file: C:/Users/bowen/Desktop/a_1.v/vivado.log
# Journal file: C:/Users/bowen/Desktop/a_1.v\vivado.jou
#-----------------------------------------------------------
start_gui
open_project C:/Users/bowen/Desktop/a_1.v/a_1.v.xpr
Scanning sources...
Finished scanning sources
INFO: [IP_Flow 19-234] Refreshing IP repositories
INFO: [IP_Flow 19-1704] No user IP repositories specified
INFO: [IP_Flow 19-2313] Loaded Vivado IP repository 'C:/Xilinx/Vivado/2018.2/data/ip'.
open_project: Time (s): cpu = 00:00:31 ; elapsed = 00:00:16 . Memory (MB): peak = 811.148 ; gain = 72.730
update_compile_order -fileset sources_1
exit
INFO: [Common 17-206] Exiting Vivado at Wed Oct 24 21:21:33 2018...
